
-------------------------------------------------------------------------------
   ROBOCOPY     ::     Robust File Copy for Windows                              
-------------------------------------------------------------------------------

  Started : Saturday, March 7, 2026 8:19:59 PM
   Source : C:\winams1\script\cortex_r52_demo_elf\
     Dest : C:\winams1\script\cortex_r52_demo_elf_caseviewer\cortex_r52_demo_elf\

    Files : *.*
	    
  Options : *.* /DCOPY:DA /COPY:DAT /R:1000000 /W:30 

------------------------------------------------------------------------------

	  New Dir          2	C:\winams1\script\cortex_r52_demo_elf\
	    New File  		    1079	LICENSE100%  
	    New File  		    1865	README.md100%  

------------------------------------------------------------------------------

               Total    Copied   Skipped  Mismatch    FAILED    Extras
    Dirs :         1         1         0         0         0         0
   Files :         2         2         0         0         0         0
   Bytes :     2.8 k     2.8 k         0         0         0         0
   Times :   0:00:00   0:00:00                       0:00:00   0:00:00


   Speed :             736,000 Bytes/sec.
   Speed :              42.114 MegaBytes/min.
   Ended : Saturday, March 7, 2026 8:19:59 PM

        1 file(s) copied.
        1 file(s) copied.
        1 file(s) copied.
