;Log File:	C:\winams1\demo\Safety_control_withMAP_file\sst_manager\sx.log
;Start Log:	Tue   3-Mar-2026 02:43:46
;
;
;%XTP-I, Start Sub Process (WinAMSLite.dll)
;traced to startup\_start\#3<-1
;traced to winAMS_Spmc\WinAMS_SPMC_CALL\#209
;traced to winAMS_Spmc\WinAMS_SPMC_CALL\#213
;traced to winAMS_Spmc\WinAMS_SPMC_CALL\#214
;traced to winAMS_Spmc\WinAMS_SPMC_CALL\#218
;traced to winAMS_Spmc\WinAMS_SPMC_CALL\#220
;traced to winAMS_Spmc\WinAMS_SPMC_CALL\#221
;traced to winAMS_Spmc\WinAMS_SPMC_CALL\#222
;traced to winAMS_Spmc\WinAMS_SPMC_CALL\#227
;traced to winAMS_Spmc\WinAMS_SPMC_C0\#187
;traced to winAMS_Spmc\WinAMS_SPMC_C0\#191
;traced to winAMS_Spmc\WinAMS_SPMC_C0\#192
;traced to winAMS_Spmc\WinAMS_SPMC_C0\#196
;traced to winAMS_Spmc\WinAMS_SPMC_C0\#198
;traced to winAMS_Spmc\WinAMS_SPMC_C0\#199
;traced to winAMS_Spmc\WinAMS_SPMC_C0\#200
;traced to winAMS_Spmc\WinAMS_SPMC_C0\#205
;traced to winAMS_Spmc\WinAMS_SPMC_C0\#206
;traced to startup\_start\#4<-1
;traced to safety_controller\main\#6<-1
;%SX-I-XIPC, function "WinAMS_SPMC_Init" is called by process "WinAMS"
;traced to winAMS_Spmc\WinAMS_SPMC_Init\#75
;traced to winAMS_Spmc\WinAMS_SPMC_Init\#76
;traced to winAMS_Spmc\WinAMS_SPMC_Init\#77
;traced to winAMS_Spmc\WinAMS_SPMC_Init\#78
;traced to winAMS_Spmc\WinAMS_SPMC_Init\#79
;traced to winAMS_Spmc\WinAMS_SPMC_Init\#80
;traced to winAMS_Spmc\WinAMS_SPMC_Init\#81
;returned from WinAMS_SPMC_Init
;%SX-I-XIPC, function "safety_controller\SafetyController_SelfTest" is called by process "WinAMS"
;traced to winAMS_Spmc\WinAMS_SPMC_C0\#187
;traced to winAMS_Spmc\WinAMS_SPMC_C0\#191
;traced to winAMS_Spmc\WinAMS_SPMC_C0\#192
;traced to winAMS_Spmc\WinAMS_SPMC_C0\#196
;traced to winAMS_Spmc\WinAMS_SPMC_C0\#198
;traced to winAMS_Spmc\WinAMS_SPMC_C0\#199
;traced to winAMS_Spmc\WinAMS_SPMC_C0\#200
;traced to winAMS_Spmc\WinAMS_SPMC_C0\#205
;traced to winAMS_Spmc\WinAMS_SPMC_C0\#206
;traced to winAMS_Spmc\WinAMS_SPMC_C1\#164
;traced to winAMS_Spmc\WinAMS_SPMC_C1\#168
;traced to winAMS_Spmc\WinAMS_SPMC_C1\#169
;traced to winAMS_Spmc\WinAMS_SPMC_C1\#173
;traced to winAMS_Spmc\WinAMS_SPMC_C1\#175
;traced to winAMS_Spmc\WinAMS_SPMC_C1\#176
;traced to winAMS_Spmc\WinAMS_SPMC_C1\#177
;traced to winAMS_Spmc\WinAMS_SPMC_C1\#182
;traced to winAMS_Spmc\WinAMS_SPMC_C1\#183
;traced to winAMS_Spmc\WinAMS_SPMC_Clr\#106
;traced to winAMS_Spmc\WinAMS_SPMC_Clr\#110
;traced to winAMS_Spmc\WinAMS_SPMC_Clr\#112
;traced to winAMS_Spmc\WinAMS_SPMC_Clr\#113
;traced to winAMS_Spmc\WinAMS_SPMC_Clr\#114
;traced to winAMS_Spmc\WinAMS_SPMC_Clr\#116
;traced to winAMS_Spmc\WinAMS_SPMC_Clr\#117
;traced to winAMS_Spmc\WinAMS_SPMC_Clr\#118
;traced to winAMS_Spmc\WinAMS_SPMC_Clr\#119
;traced to winAMS_Spmc\WinAMS_SPMC_Clr\#118
;traced to winAMS_Spmc\WinAMS_SPMC_Clr\#121
;traced to winAMS_Spmc\WinAMS_SPMC_Clr\#126
;traced to winAMS_Spmc\WinAMS_SPMC_Clr\#127
;traced to winAMS_Spmc\WinAMS_SPMC_Exp\#84
;traced to winAMS_Spmc\WinAMS_SPMC_Exp\#88
;traced to winAMS_Spmc\WinAMS_SPMC_Exp\#90
;traced to winAMS_Spmc\WinAMS_SPMC_Exp\#91
;traced to winAMS_Spmc\WinAMS_SPMC_Exp\#92
;traced to winAMS_Spmc\WinAMS_SPMC_Exp\#95
;traced to winAMS_Spmc\WinAMS_SPMC_Exp\#97
;traced to winAMS_Spmc\WinAMS_SPMC_Exp\#102
;traced to winAMS_Spmc\WinAMS_SPMC_Exp\#103
;traced to winAMS_Spmc\WinAMS_SPMC_Res\#130
;traced to winAMS_Spmc\WinAMS_SPMC_Res\#134
;traced to winAMS_Spmc\WinAMS_SPMC_Res\#136
;traced to winAMS_Spmc\WinAMS_SPMC_Res\#137
;traced to winAMS_Spmc\WinAMS_SPMC_Res\#138
;traced to winAMS_Spmc\WinAMS_SPMC_Res\#141
;traced to winAMS_Spmc\WinAMS_SPMC_Res\#139
;traced to winAMS_Spmc\WinAMS_SPMC_Res\#149
;traced to winAMS_Spmc\WinAMS_SPMC_Res\#151
;traced to winAMS_Spmc\WinAMS_SPMC_Res\#152
;traced to winAMS_Spmc\WinAMS_SPMC_Res\#153
;traced to winAMS_Spmc\WinAMS_SPMC_Res\#154
;traced to winAMS_Spmc\WinAMS_SPMC_Res\#155
;traced to winAMS_Spmc\WinAMS_SPMC_Res\#160
;traced to winAMS_Spmc\WinAMS_SPMC_Res\#161
;traced to winAMS_Spmc\WinAMS_SPMC_C1\#164
;traced to winAMS_Spmc\WinAMS_SPMC_C1\#168
;traced to winAMS_Spmc\WinAMS_SPMC_C1\#169
;traced to winAMS_Spmc\WinAMS_SPMC_C1\#173
;traced to winAMS_Spmc\WinAMS_SPMC_C1\#175
;traced to winAMS_Spmc\WinAMS_SPMC_C1\#176
;traced to winAMS_Spmc\WinAMS_SPMC_C1\#177
;traced to winAMS_Spmc\WinAMS_SPMC_C1\#182
;traced to winAMS_Spmc\WinAMS_SPMC_C1\#183
;traced to winAMS_Spmc\WinAMS_SPMC_C0\#187
;traced to winAMS_Spmc\WinAMS_SPMC_C0\#191
;traced to winAMS_Spmc\WinAMS_SPMC_C0\#192
;traced to winAMS_Spmc\WinAMS_SPMC_C0\#196
;traced to winAMS_Spmc\WinAMS_SPMC_C0\#198
;traced to winAMS_Spmc\WinAMS_SPMC_C0\#199
;traced to winAMS_Spmc\WinAMS_SPMC_C0\#200
;traced to winAMS_Spmc\WinAMS_SPMC_C0\#205
;traced to winAMS_Spmc\WinAMS_SPMC_C0\#206
;traced to safety_controller\SafetyController_SelfTest\#33<-1
;traced to safety_controller\SafetyController_SelfTest\#36<-1
;traced to winAMS_Spmc\WinAMS_SPMC_C1\#164
;traced to winAMS_Spmc\WinAMS_SPMC_C1\#168
;traced to winAMS_Spmc\WinAMS_SPMC_C1\#169
;traced to winAMS_Spmc\WinAMS_SPMC_C1\#173
;traced to winAMS_Spmc\WinAMS_SPMC_C1\#175
;traced to winAMS_Spmc\WinAMS_SPMC_C1\#176
;traced to winAMS_Spmc\WinAMS_SPMC_C1\#177
;traced to winAMS_Spmc\WinAMS_SPMC_C1\#182
;traced to winAMS_Spmc\WinAMS_SPMC_C1\#183
;traced to winAMS_Spmc\WinAMS_SPMC_C0\#187
;traced to winAMS_Spmc\WinAMS_SPMC_C0\#191
;traced to winAMS_Spmc\WinAMS_SPMC_C0\#192
;traced to winAMS_Spmc\WinAMS_SPMC_C0\#196
;traced to winAMS_Spmc\WinAMS_SPMC_C0\#198
;traced to winAMS_Spmc\WinAMS_SPMC_C0\#199
;traced to winAMS_Spmc\WinAMS_SPMC_C0\#200
;traced to winAMS_Spmc\WinAMS_SPMC_C0\#205
;traced to winAMS_Spmc\WinAMS_SPMC_C0\#206
;traced to safety_controller\SafetyController_SelfTest\#37<-1
;traced to safety_controller\SafetyController_SelfTest\#38<-1
;returned from SafetyController_SelfTest
;%SX-I-XIPC, function "safety_controller\SafetyController_SelfTest" is called by process "WinAMS"
;traced to winAMS_Spmc\WinAMS_SPMC_C0\#187
;traced to winAMS_Spmc\WinAMS_SPMC_C0\#191
;traced to winAMS_Spmc\WinAMS_SPMC_C0\#192
;traced to winAMS_Spmc\WinAMS_SPMC_C0\#196
;traced to winAMS_Spmc\WinAMS_SPMC_C0\#198
;traced to winAMS_Spmc\WinAMS_SPMC_C0\#199
;traced to winAMS_Spmc\WinAMS_SPMC_C0\#200
;traced to winAMS_Spmc\WinAMS_SPMC_C0\#205
;traced to winAMS_Spmc\WinAMS_SPMC_C0\#206
;traced to winAMS_Spmc\WinAMS_SPMC_C1\#164
;traced to winAMS_Spmc\WinAMS_SPMC_C1\#168
;traced to winAMS_Spmc\WinAMS_SPMC_C1\#169
;traced to winAMS_Spmc\WinAMS_SPMC_C1\#173
;traced to winAMS_Spmc\WinAMS_SPMC_C1\#175
;traced to winAMS_Spmc\WinAMS_SPMC_C1\#176
;traced to winAMS_Spmc\WinAMS_SPMC_C1\#177
;traced to winAMS_Spmc\WinAMS_SPMC_C1\#182
;traced to winAMS_Spmc\WinAMS_SPMC_C1\#183
;traced to winAMS_Spmc\WinAMS_SPMC_Clr\#106
;traced to winAMS_Spmc\WinAMS_SPMC_Clr\#110
;traced to winAMS_Spmc\WinAMS_SPMC_Clr\#112
;traced to winAMS_Spmc\WinAMS_SPMC_Clr\#113
;traced to winAMS_Spmc\WinAMS_SPMC_Clr\#114
;traced to winAMS_Spmc\WinAMS_SPMC_Clr\#116
;traced to winAMS_Spmc\WinAMS_SPMC_Clr\#117
;traced to winAMS_Spmc\WinAMS_SPMC_Clr\#118
;traced to winAMS_Spmc\WinAMS_SPMC_Clr\#119
;traced to winAMS_Spmc\WinAMS_SPMC_Clr\#118
;traced to winAMS_Spmc\WinAMS_SPMC_Clr\#121
;traced to winAMS_Spmc\WinAMS_SPMC_Clr\#126
;traced to winAMS_Spmc\WinAMS_SPMC_Clr\#127
;traced to winAMS_Spmc\WinAMS_SPMC_Exp\#84
;traced to winAMS_Spmc\WinAMS_SPMC_Exp\#88
;traced to winAMS_Spmc\WinAMS_SPMC_Exp\#90
;traced to winAMS_Spmc\WinAMS_SPMC_Exp\#91
;traced to winAMS_Spmc\WinAMS_SPMC_Exp\#92
;traced to winAMS_Spmc\WinAMS_SPMC_Exp\#94
;traced to winAMS_Spmc\WinAMS_SPMC_Exp\#95
;traced to winAMS_Spmc\WinAMS_SPMC_Exp\#97
;traced to winAMS_Spmc\WinAMS_SPMC_Exp\#102
;traced to winAMS_Spmc\WinAMS_SPMC_Exp\#103
;traced to winAMS_Spmc\WinAMS_SPMC_Res\#130
;traced to winAMS_Spmc\WinAMS_SPMC_Res\#134
;traced to winAMS_Spmc\WinAMS_SPMC_Res\#136
;traced to winAMS_Spmc\WinAMS_SPMC_Res\#137
;traced to winAMS_Spmc\WinAMS_SPMC_Res\#138
;traced to winAMS_Spmc\WinAMS_SPMC_Res\#140
;traced to winAMS_Spmc\WinAMS_SPMC_Res\#141
;traced to winAMS_Spmc\WinAMS_SPMC_Res\#139
;traced to winAMS_Spmc\WinAMS_SPMC_Res\#149
;traced to winAMS_Spmc\WinAMS_SPMC_Res\#151
;traced to winAMS_Spmc\WinAMS_SPMC_Res\#152
;traced to winAMS_Spmc\WinAMS_SPMC_Res\#153
;traced to winAMS_Spmc\WinAMS_SPMC_Res\#154
;traced to winAMS_Spmc\WinAMS_SPMC_Res\#155
;traced to winAMS_Spmc\WinAMS_SPMC_Res\#160
;traced to winAMS_Spmc\WinAMS_SPMC_Res\#161
;traced to safety_controller\SafetyController_SelfTest\#32<-1
;traced to winAMS_Spmc\WinAMS_SPMC_C1\#164
;traced to winAMS_Spmc\WinAMS_SPMC_C1\#168
;traced to winAMS_Spmc\WinAMS_SPMC_C1\#169
;traced to winAMS_Spmc\WinAMS_SPMC_C1\#173
;traced to winAMS_Spmc\WinAMS_SPMC_C1\#175
;traced to winAMS_Spmc\WinAMS_SPMC_C1\#176
;traced to winAMS_Spmc\WinAMS_SPMC_C1\#177
;traced to winAMS_Spmc\WinAMS_SPMC_C1\#182
;traced to winAMS_Spmc\WinAMS_SPMC_C1\#183
;traced to winAMS_Spmc\WinAMS_SPMC_C0\#187
;traced to winAMS_Spmc\WinAMS_SPMC_C0\#191
;traced to winAMS_Spmc\WinAMS_SPMC_C0\#192
;traced to winAMS_Spmc\WinAMS_SPMC_C0\#196
;traced to winAMS_Spmc\WinAMS_SPMC_C0\#198
;traced to winAMS_Spmc\WinAMS_SPMC_C0\#199
;traced to winAMS_Spmc\WinAMS_SPMC_C0\#200
;traced to winAMS_Spmc\WinAMS_SPMC_C0\#205
;traced to winAMS_Spmc\WinAMS_SPMC_C0\#206
;traced to safety_controller\SafetyController_SelfTest\#35<-1
;traced to safety_controller\SafetyController_SelfTest\#36<-1
;traced to winAMS_Spmc\WinAMS_SPMC_C1\#164
;traced to winAMS_Spmc\WinAMS_SPMC_C1\#168
;traced to winAMS_Spmc\WinAMS_SPMC_C1\#169
;traced to winAMS_Spmc\WinAMS_SPMC_C1\#173
;traced to winAMS_Spmc\WinAMS_SPMC_C1\#175
;traced to winAMS_Spmc\WinAMS_SPMC_C1\#176
;traced to winAMS_Spmc\WinAMS_SPMC_C1\#177
;traced to winAMS_Spmc\WinAMS_SPMC_C1\#182
;traced to winAMS_Spmc\WinAMS_SPMC_C1\#183
;traced to winAMS_Spmc\WinAMS_SPMC_C0\#187
;traced to winAMS_Spmc\WinAMS_SPMC_C0\#191
;traced to winAMS_Spmc\WinAMS_SPMC_C0\#192
;traced to winAMS_Spmc\WinAMS_SPMC_C0\#196
;traced to winAMS_Spmc\WinAMS_SPMC_C0\#198
;traced to winAMS_Spmc\WinAMS_SPMC_C0\#199
;traced to winAMS_Spmc\WinAMS_SPMC_C0\#200
;traced to winAMS_Spmc\WinAMS_SPMC_C0\#205
;traced to winAMS_Spmc\WinAMS_SPMC_C0\#206
;traced to safety_controller\SafetyController_SelfTest\#37<-1
;traced to safety_controller\SafetyController_SelfTest\#38<-1
;returned from SafetyController_SelfTest
;%winAMS-I-TEST, winAMS: Completed the test.
;%SX-I-PROCESS, process "hsnateL" was exited with [0]
;%SX-I-PROCESS, process "hsnateL" is terminated
;
;End   Log:	Tue   3-Mar-2026 02:44:32
;
